# QEMU configure log 2024. 10. 07. (월) 21:04:36 KST
# Configured with: '../configure' '--enable-kvm' '--target-list=x86_64-softmmu' '--enable-slirp'

#
cc -c -o config-temp/qemu-conf.o config-temp/qemu-conf.c
cc -c -o config-temp/qemu-conf.o config-temp/qemu-conf.c
config-temp/qemu-conf.c:2:2: error: #error __i386__ not defined
    2 | #error __i386__ not defined
      |  ^~~~~
cc -c -o config-temp/qemu-conf.o config-temp/qemu-conf.c
cc -c -o config-temp/qemu-conf.o config-temp/qemu-conf.c
config-temp/qemu-conf.c:2:2: error: #error __ILP32__ not defined
    2 | #error __ILP32__ not defined
      |  ^~~~~
cc -m64 -mcx16 -Werror -fPIE -DPIE -o config-temp/qemu-conf.exe config-temp/qemu-conf.c -pie
cc -m64 -mcx16 -o config-temp/qemu-conf.exe config-temp/qemu-conf.c
config-temp/qemu-conf.c:2:3: error: #error LITTLE
    2 | # error LITTLE
      |   ^~~~~
cc -m64 -mcx16 -Werror -c -o config-temp/qemu-conf.o config-temp/qemu-conf.c
cc -m32 -o config-temp/qemu-conf.o -c config-temp/qemu-conf.c
cc -m32 -r -nostdlib -o config-temp/qemu-conf2.o config-temp/qemu-conf.o -lgcc
/usr/bin/ld: skipping incompatible /usr/lib/gcc/x86_64-linux-gnu/11/libgcc.a when searching for -lgcc
/usr/bin/ld: cannot find -lgcc: No such file or directory
collect2: error: ld returned 1 exit status
cc -m64 -o config-temp/qemu-conf.o -c config-temp/qemu-conf.c
cc -m64 -r -nostdlib -o config-temp/qemu-conf2.o config-temp/qemu-conf.o -lgcc
